Vivado Simulator 2019.1
Copyright 1986-1999, 2001-2019 Xilinx, Inc. All Rights Reserved.
Running: F:/Xilinx/Vivado/2019.1/bin/unwrapped/win64.o/xelab.exe -wto ff79ceddad394523a911672d6c6a8879 --incr --debug typical --relax --mt 2 -L blk_mem_gen_v8_4_3 -L xil_defaultlib -L unisims_ver -L unimacro_ver -L secureip -L xpm --snapshot openmips_min_sopc_tb_behav xil_defaultlib.openmips_min_sopc_tb xil_defaultlib.glbl -log elaborate.log 
Using 2 slave threads.
Starting static elaboration
Completed static elaboration
Starting simulation data flow analysis
Completed simulation data flow analysis
Time Resolution for simulation is 1ps
Compiling module xil_defaultlib.pc_reg
Compiling module xil_defaultlib.if_id
Compiling module xil_defaultlib.id
Compiling module xil_defaultlib.regfile
Compiling module xil_defaultlib.id_ex
Compiling module xil_defaultlib.ex
Compiling module xil_defaultlib.ex_mem
Compiling module xil_defaultlib.mem
Compiling module xil_defaultlib.mem_wb
Compiling module xil_defaultlib.openmips
Compiling module blk_mem_gen_v8_4_3.blk_mem_gen_v8_4_3_output_stage(...
Compiling module blk_mem_gen_v8_4_3.blk_mem_gen_v8_4_3_output_stage(...
Compiling module blk_mem_gen_v8_4_3.blk_mem_gen_v8_4_3_softecc_outpu...
Compiling module blk_mem_gen_v8_4_3.blk_mem_gen_v8_4_3_mem_module(C_...
Compiling module blk_mem_gen_v8_4_3.blk_mem_gen_v8_4_3(C_FAMILY="art...
Compiling module xil_defaultlib.inst_mem
Compiling module xil_defaultlib.openmips_min_sopc
Compiling module xil_defaultlib.openmips_min_sopc_tb
Compiling module xil_defaultlib.glbl
Built simulation snapshot openmips_min_sopc_tb_behav
