INFO: [VRFC 10-2263] Analyzing Verilog file "D:/practice_code/subject/hardware_design/soc_sram_func/rtl/xilinx_ip/clk_pll/clk_pll_clk_wiz.v" into library xil_defaultlib
INFO: [VRFC 10-311] analyzing module clk_pll_clk_wiz
INFO: [VRFC 10-2263] Analyzing Verilog file "D:/practice_code/subject/hardware_design/soc_sram_func/rtl/xilinx_ip/clk_pll/clk_pll.v" into library xil_defaultlib
INFO: [VRFC 10-311] analyzing module clk_pll
INFO: [VRFC 10-2263] Analyzing Verilog file "D:/practice_code/subject/hardware_design/soc_sram_func/rtl/xilinx_ip/data_ram/sim/data_ram.v" into library xil_defaultlib
INFO: [VRFC 10-311] analyzing module data_ram
INFO: [VRFC 10-2263] Analyzing Verilog file "D:/practice_code/subject/hardware_design/soc_sram_func/rtl/xilinx_ip/inst_ram/sim/inst_ram.v" into library xil_defaultlib
INFO: [VRFC 10-311] analyzing module inst_ram
INFO: [VRFC 10-2263] Analyzing Verilog file "D:/practice_code/subject/hardware_design/soc_sram_func/rtl/BRIDGE/bridge_1x2.v" into library xil_defaultlib
INFO: [VRFC 10-311] analyzing module bridge_1x2
INFO: [VRFC 10-2263] Analyzing Verilog file "D:/practice_code/subject/hardware_design/soc_sram_func/rtl/CONFREG/confreg.v" into library xil_defaultlib
INFO: [VRFC 10-311] analyzing module confreg
INFO: [VRFC 10-2458] undeclared symbol conf_we, assumed default net type wire [D:/practice_code/subject/hardware_design/soc_sram_func/rtl/CONFREG/confreg.v:160]
INFO: [VRFC 10-2263] Analyzing Verilog file "D:/practice_code/subject/hardware_design/soc_sram_func/rtl/myCPU/ctrl.v" into library xil_defaultlib
WARNING: [VRFC 10-3507] macro 'EXE_DIV' redefined [D:/practice_code/subject/hardware_design/soc_sram_func/rtl/myCPU/defines.v:88]
INFO: [VRFC 10-311] analyzing module ctrl
INFO: [VRFC 10-2263] Analyzing Verilog file "D:/practice_code/subject/hardware_design/soc_sram_func/rtl/myCPU/div.v" into library xil_defaultlib
WARNING: [VRFC 10-3507] macro 'EXE_DIV' redefined [D:/practice_code/subject/hardware_design/soc_sram_func/rtl/myCPU/defines.v:80]
INFO: [VRFC 10-311] analyzing module div
INFO: [VRFC 10-2263] Analyzing Verilog file "D:/practice_code/subject/hardware_design/soc_sram_func/rtl/myCPU/ex.v" into library xil_defaultlib
INFO: [VRFC 10-311] analyzing module ex
WARNING: [VRFC 10-2292] extra semicolon is not allowed here in this dialect. Use SystemVerilog mode [D:/practice_code/subject/hardware_design/soc_sram_func/rtl/myCPU/ex.v:64]
INFO: [VRFC 10-2263] Analyzing Verilog file "D:/practice_code/subject/hardware_design/soc_sram_func/rtl/myCPU/ex_mem.v" into library xil_defaultlib
INFO: [VRFC 10-311] analyzing module ex_mem
INFO: [VRFC 10-2263] Analyzing Verilog file "D:/practice_code/subject/hardware_design/soc_sram_func/rtl/myCPU/hilo_reg.v" into library xil_defaultlib
INFO: [VRFC 10-311] analyzing module hilo_reg
INFO: [VRFC 10-2263] Analyzing Verilog file "D:/practice_code/subject/hardware_design/soc_sram_func/rtl/myCPU/id.v" into library xil_defaultlib
INFO: [VRFC 10-311] analyzing module id
INFO: [VRFC 10-2458] undeclared symbol imm_sll2_signedext, assumed default net type wire [D:/practice_code/subject/hardware_design/soc_sram_func/rtl/myCPU/id.v:85]
INFO: [VRFC 10-2263] Analyzing Verilog file "D:/practice_code/subject/hardware_design/soc_sram_func/rtl/myCPU/id_ex.v" into library xil_defaultlib
INFO: [VRFC 10-311] analyzing module id_ex
INFO: [VRFC 10-2263] Analyzing Verilog file "D:/practice_code/subject/hardware_design/soc_sram_func/rtl/myCPU/if_id.v" into library xil_defaultlib
INFO: [VRFC 10-311] analyzing module if_id
INFO: [VRFC 10-2263] Analyzing Verilog file "D:/practice_code/subject/hardware_design/soc_sram_func/rtl/myCPU/mem.v" into library xil_defaultlib
INFO: [VRFC 10-311] analyzing module mem
INFO: [VRFC 10-2263] Analyzing Verilog file "D:/practice_code/subject/hardware_design/soc_sram_func/rtl/myCPU/mem_wb.v" into library xil_defaultlib
INFO: [VRFC 10-311] analyzing module mem_wb
INFO: [VRFC 10-2263] Analyzing Verilog file "D:/practice_code/subject/hardware_design/soc_sram_func/rtl/myCPU/mmu.v" into library xil_defaultlib
INFO: [VRFC 10-311] analyzing module mmu
INFO: [VRFC 10-2263] Analyzing Verilog file "D:/practice_code/subject/hardware_design/soc_sram_func/rtl/myCPU/openmips.v" into library xil_defaultlib
INFO: [VRFC 10-311] analyzing module openmips
INFO: [VRFC 10-2263] Analyzing Verilog file "D:/practice_code/subject/hardware_design/soc_sram_func/rtl/myCPU/pc_reg.v" into library xil_defaultlib
INFO: [VRFC 10-311] analyzing module pc_reg
INFO: [VRFC 10-2263] Analyzing Verilog file "D:/practice_code/subject/hardware_design/soc_sram_func/rtl/myCPU/regfile.v" into library xil_defaultlib
INFO: [VRFC 10-311] analyzing module regfile
INFO: [VRFC 10-2263] Analyzing Verilog file "D:/practice_code/subject/hardware_design/soc_sram_func/rtl/soc_lite_top.v" into library xil_defaultlib
INFO: [VRFC 10-311] analyzing module soc_lite_top
INFO: [VRFC 10-2263] Analyzing Verilog file "D:/practice_code/subject/hardware_design/soc_sram_func/testbench/mycpu_tb.v" into library xil_defaultlib
INFO: [VRFC 10-311] analyzing module tb_top
